<?xml version="1.0" encoding="UTF-8"?>
<testng-results skipped="0" failed="0" total="1" passed="1">
  <reporter-output>
  </reporter-output>
  <suite name="Default suite" duration-ms="76379" started-at="2018-09-13T08:15:00Z" finished-at="2018-09-13T08:16:16Z">
    <groups>
    </groups>
    <test name="Default test" duration-ms="76379" started-at="2018-09-13T08:15:00Z" finished-at="2018-09-13T08:16:16Z">
      <class name="com.test.Imdbtest">
        <test-method status="PASS" signature="method1()[pri:0, instance:com.test.Imdbtest@55f3ddb1]" name="method1" is-config="true" duration-ms="40536" started-at="2018-09-13T13:45:00Z" finished-at="2018-09-13T13:45:40Z">
          <reporter-output>
          </reporter-output>
        </test-method> <!-- method1 -->
        <test-method status="PASS" signature="InsertMovieDataToDatabse()[pri:0, instance:com.test.Imdbtest@55f3ddb1]" name="InsertMovieDataToDatabse" duration-ms="33709" started-at="2018-09-13T13:45:40Z" finished-at="2018-09-13T13:46:14Z">
          <reporter-output>
          </reporter-output>
        </test-method> <!-- InsertMovieDataToDatabse -->
        <test-method status="PASS" signature="method2()[pri:0, instance:com.test.Imdbtest@55f3ddb1]" name="method2" is-config="true" duration-ms="2115" started-at="2018-09-13T13:46:14Z" finished-at="2018-09-13T13:46:16Z">
          <reporter-output>
          </reporter-output>
        </test-method> <!-- method2 -->
      </class> <!-- com.test.Imdbtest -->
    </test> <!-- Default test -->
  </suite> <!-- Default suite -->
</testng-results>
